c:\users\mb\desktop\oop_project\oop_project\debug\vc120.pdb
c:\users\mb\desktop\oop_project\oop_project\debug\vc120.idb
c:\users\mb\desktop\oop_project\oop_project\debug\implement_admin.obj
c:\users\mb\desktop\oop_project\oop_project\debug\implement_cred.obj
c:\users\mb\desktop\oop_project\oop_project\debug\implement_date.obj
c:\users\mb\desktop\oop_project\oop_project\debug\implement_string_manip.obj
c:\users\mb\desktop\oop_project\oop_project\debug\implement_games.obj
c:\users\mb\desktop\oop_project\oop_project\debug\implement_movies.obj
c:\users\mb\desktop\oop_project\oop_project\debug\implement_tvshows.obj
c:\users\mb\desktop\oop_project\oop_project\debug\implement_multimedia.obj
c:\users\mb\desktop\oop_project\oop_project\debug\implement_surfer.obj
c:\users\mb\desktop\oop_project\oop_project\debug\implement_user.obj
c:\users\mb\desktop\oop_project\oop_project\debug\driver.obj
c:\users\mb\desktop\oop_project\oop_project\debug\implement_credenyials_analyzer.obj
c:\users\mb\desktop\oop_project\oop_project\debug\implement_credentials_analyzer.obj
c:\users\mb\desktop\oop_project\debug\oop_project.ilk
c:\users\mb\desktop\oop_project\debug\oop_project.exe
c:\users\mb\desktop\oop_project\debug\oop_project.pdb
c:\users\mb\desktop\oop_project\oop_project\debug\oop_project.tlog\cl.command.1.tlog
c:\users\mb\desktop\oop_project\oop_project\debug\oop_project.tlog\cl.read.1.tlog
c:\users\mb\desktop\oop_project\oop_project\debug\oop_project.tlog\cl.write.1.tlog
c:\users\mb\desktop\oop_project\oop_project\debug\oop_project.tlog\link.command.1.tlog
c:\users\mb\desktop\oop_project\oop_project\debug\oop_project.tlog\link.read.1.tlog
c:\users\mb\desktop\oop_project\oop_project\debug\oop_project.tlog\link.write.1.tlog
