Build started 5/27/2014 4:20:27 PM.
     1>Project "C:\Users\mb\Desktop\OOP_PROJECT\OOP_PROJECT\OOP_PROJECT.vcxproj" on node 2 (Build target(s)).
     1>ClCompile:
         C:\Program Files (x86)\Microsoft Visual Studio 12.0\VC\bin\CL.exe /c /ZI /nologo /W3 /WX- /sdl /Od /Oy- /D WIN32 /D _DEBUG /D _CONSOLE /D _LIB /D _UNICODE /D UNICODE /Gm /EHsc /RTC1 /MDd /GS /fp:precise /Zc:wchar_t /Zc:forScope /Fo"Debug\\" /Fd"Debug\vc120.pdb" /Gd /TP /analyze- /errorReport:prompt driver.cpp
         driver.cpp
       Link:
         C:\Program Files (x86)\Microsoft Visual Studio 12.0\VC\bin\link.exe /ERRORREPORT:PROMPT /OUT:"C:\Users\mb\Desktop\OOP_PROJECT\Debug\OOP_PROJECT.exe" /INCREMENTAL /NOLOGO kernel32.lib user32.lib gdi32.lib winspool.lib comdlg32.lib advapi32.lib shell32.lib ole32.lib oleaut32.lib uuid.lib odbc32.lib odbccp32.lib /MANIFEST /MANIFESTUAC:"level='asInvoker' uiAccess='false'" /manifest:embed /DEBUG /PDB:"C:\Users\mb\Desktop\OOP_PROJECT\Debug\OOP_PROJECT.pdb" /SUBSYSTEM:CONSOLE /TLBID:1 /DYNAMICBASE /NXCOMPAT /IMPLIB:"C:\Users\mb\Desktop\OOP_PROJECT\Debug\OOP_PROJECT.lib" /MACHINE:X86 Debug\driver.obj
         Debug\Implement_Admin.obj
         Debug\Implement_Credentials_Analyzer.obj
         Debug\Implement_Date.obj
         Debug\Implement_Games.obj
         Debug\Implement_Movies.obj
         Debug\Implement_Multimedia.obj
         Debug\Implement_String_Manip.obj
         Debug\Implement_Surfer.obj
         Debug\Implement_TVShows.obj
         Debug\Implement_User.obj
         OOP_PROJECT.vcxproj -> C:\Users\mb\Desktop\OOP_PROJECT\Debug\OOP_PROJECT.exe
     1>Done Building Project "C:\Users\mb\Desktop\OOP_PROJECT\OOP_PROJECT\OOP_PROJECT.vcxproj" (Build target(s)).

Build succeeded.

Time Elapsed 00:00:03.68
